{"C:\\Users\\HP\\OneDrive\\Desktop\\backend-Ecommerce--main\\src\\controller\\cartController.js": {"path":"C:\\Users\\HP\\OneDrive\\Desktop\\backend-Ecommerce--main\\src\\controller\\cartController.js","statementMap":{"0":{"start":{"line":1,"column":16},"end":{"line":1,"column":43}},"1":{"start":{"line":2,"column":13},"end":{"line":2,"column":40}},"2":{"start":{"line":3,"column":22},"end":{"line":3,"column":56}},"3":{"start":{"line":8,"column":19},"end":{"line":62,"column":1}},"4":{"start":{"line":9,"column":2},"end":{"line":61,"column":3}},"5":{"start":{"line":10,"column":19},"end":{"line":10,"column":34}},"6":{"start":{"line":11,"column":22},"end":{"line":11,"column":30}},"7":{"start":{"line":14,"column":27},"end":{"line":14,"column":29}},"8":{"start":{"line":16,"column":4},"end":{"line":36,"column":5}},"9":{"start":{"line":17,"column":22},"end":{"line":17,"column":60}},"10":{"start":{"line":19,"column":6},"end":{"line":21,"column":7}},"11":{"start":{"line":20,"column":8},"end":{"line":20,"column":72}},"12":{"start":{"line":23,"column":6},"end":{"line":25,"column":7}},"13":{"start":{"line":24,"column":8},"end":{"line":24,"column":85}},"14":{"start":{"line":31,"column":6},"end":{"line":35,"column":9}},"15":{"start":{"line":39,"column":21},"end":{"line":39,"column":22}},"16":{"start":{"line":40,"column":21},"end":{"line":40,"column":22}},"17":{"start":{"line":42,"column":4},"end":{"line":45,"column":5}},"18":{"start":{"line":43,"column":6},"end":{"line":43,"column":51}},"19":{"start":{"line":44,"column":6},"end":{"line":44,"column":36}},"20":{"start":{"line":48,"column":17},"end":{"line":53,"column":6}},"21":{"start":{"line":55,"column":4},"end":{"line":55,"column":22}},"22":{"start":{"line":57,"column":4},"end":{"line":57,"column":73}},"23":{"start":{"line":59,"column":4},"end":{"line":59,"column":33}},"24":{"start":{"line":60,"column":4},"end":{"line":60,"column":63}},"25":{"start":{"line":64,"column":19},"end":{"line":116,"column":1}},"26":{"start":{"line":65,"column":2},"end":{"line":115,"column":3}},"27":{"start":{"line":66,"column":23},"end":{"line":66,"column":33}},"28":{"start":{"line":67,"column":22},"end":{"line":67,"column":30}},"29":{"start":{"line":70,"column":27},"end":{"line":70,"column":29}},"30":{"start":{"line":72,"column":4},"end":{"line":89,"column":5}},"31":{"start":{"line":73,"column":22},"end":{"line":73,"column":60}},"32":{"start":{"line":75,"column":6},"end":{"line":77,"column":7}},"33":{"start":{"line":76,"column":8},"end":{"line":76,"column":72}},"34":{"start":{"line":79,"column":6},"end":{"line":81,"column":7}},"35":{"start":{"line":80,"column":8},"end":{"line":80,"column":85}},"36":{"start":{"line":84,"column":6},"end":{"line":88,"column":9}},"37":{"start":{"line":92,"column":21},"end":{"line":92,"column":22}},"38":{"start":{"line":93,"column":21},"end":{"line":93,"column":22}},"39":{"start":{"line":95,"column":4},"end":{"line":98,"column":5}},"40":{"start":{"line":96,"column":6},"end":{"line":96,"column":51}},"41":{"start":{"line":97,"column":6},"end":{"line":97,"column":36}},"42":{"start":{"line":101,"column":24},"end":{"line":105,"column":5}},"43":{"start":{"line":107,"column":4},"end":{"line":109,"column":5}},"44":{"start":{"line":108,"column":6},"end":{"line":108,"column":65}},"45":{"start":{"line":111,"column":4},"end":{"line":111,"column":86}},"46":{"start":{"line":113,"column":4},"end":{"line":113,"column":33}},"47":{"start":{"line":114,"column":4},"end":{"line":114,"column":63}},"48":{"start":{"line":119,"column":23},"end":{"line":134,"column":1}},"49":{"start":{"line":120,"column":2},"end":{"line":133,"column":3}},"50":{"start":{"line":121,"column":23},"end":{"line":121,"column":38}},"51":{"start":{"line":123,"column":17},"end":{"line":123,"column":43}},"52":{"start":{"line":125,"column":4},"end":{"line":127,"column":5}},"53":{"start":{"line":126,"column":6},"end":{"line":126,"column":65}},"54":{"start":{"line":129,"column":4},"end":{"line":129,"column":35}},"55":{"start":{"line":131,"column":4},"end":{"line":131,"column":33}},"56":{"start":{"line":132,"column":4},"end":{"line":132,"column":63}},"57":{"start":{"line":136,"column":0},"end":{"line":140,"column":2}}},"fnMap":{"0":{"name":"(anonymous_0)","decl":{"start":{"line":8,"column":19},"end":{"line":8,"column":20}},"loc":{"start":{"line":8,"column":39},"end":{"line":62,"column":1}},"line":8},"1":{"name":"(anonymous_1)","decl":{"start":{"line":64,"column":19},"end":{"line":64,"column":20}},"loc":{"start":{"line":64,"column":39},"end":{"line":116,"column":1}},"line":64},"2":{"name":"(anonymous_2)","decl":{"start":{"line":119,"column":23},"end":{"line":119,"column":24}},"loc":{"start":{"line":119,"column":43},"end":{"line":134,"column":1}},"line":119}},"branchMap":{"0":{"loc":{"start":{"line":19,"column":6},"end":{"line":21,"column":7}},"type":"if","locations":[{"start":{"line":19,"column":6},"end":{"line":21,"column":7}},{"start":{},"end":{}}],"line":19},"1":{"loc":{"start":{"line":23,"column":6},"end":{"line":25,"column":7}},"type":"if","locations":[{"start":{"line":23,"column":6},"end":{"line":25,"column":7}},{"start":{},"end":{}}],"line":23},"2":{"loc":{"start":{"line":75,"column":6},"end":{"line":77,"column":7}},"type":"if","locations":[{"start":{"line":75,"column":6},"end":{"line":77,"column":7}},{"start":{},"end":{}}],"line":75},"3":{"loc":{"start":{"line":79,"column":6},"end":{"line":81,"column":7}},"type":"if","locations":[{"start":{"line":79,"column":6},"end":{"line":81,"column":7}},{"start":{},"end":{}}],"line":79},"4":{"loc":{"start":{"line":107,"column":4},"end":{"line":109,"column":5}},"type":"if","locations":[{"start":{"line":107,"column":4},"end":{"line":109,"column":5}},{"start":{},"end":{}}],"line":107},"5":{"loc":{"start":{"line":125,"column":4},"end":{"line":127,"column":5}},"type":"if","locations":[{"start":{"line":125,"column":4},"end":{"line":127,"column":5}},{"start":{},"end":{}}],"line":125}},"s":{"0":1,"1":1,"2":1,"3":1,"4":3,"5":3,"6":3,"7":3,"8":3,"9":4,"10":4,"11":1,"12":3,"13":1,"14":2,"15":1,"16":1,"17":1,"18":2,"19":2,"20":1,"21":1,"22":1,"23":2,"24":2,"25":1,"26":0,"27":0,"28":0,"29":0,"30":0,"31":0,"32":0,"33":0,"34":0,"35":0,"36":0,"37":0,"38":0,"39":0,"40":0,"41":0,"42":0,"43":0,"44":0,"45":0,"46":0,"47":0,"48":1,"49":3,"50":3,"51":3,"52":2,"53":1,"54":1,"55":1,"56":1,"57":1},"f":{"0":3,"1":0,"2":3},"b":{"0":[1,3],"1":[1,2],"2":[0,0],"3":[0,0],"4":[0,0],"5":[1,1]},"_coverageSchema":"1a1c01bbd47fc00a2c39e90264f33305004495a9","hash":"50a3320b8bf2ee7ea6d71c72931df0e99ef79f28"}
,"C:\\Users\\HP\\OneDrive\\Desktop\\backend-Ecommerce--main\\src\\model\\Cart.js": {"path":"C:\\Users\\HP\\OneDrive\\Desktop\\backend-Ecommerce--main\\src\\model\\Cart.js","statementMap":{"0":{"start":{"line":1,"column":17},"end":{"line":1,"column":36}},"1":{"start":{"line":2,"column":17},"end":{"line":2,"column":40}},"2":{"start":{"line":3,"column":19},"end":{"line":36,"column":1}},"3":{"start":{"line":38,"column":0},"end":{"line":38,"column":52}}},"fnMap":{},"branchMap":{},"s":{"0":1,"1":1,"2":1,"3":1},"f":{},"b":{},"_coverageSchema":"1a1c01bbd47fc00a2c39e90264f33305004495a9","hash":"c3f7a551a746b4759d465c25ee2e446840b2a12b"}
,"C:\\Users\\HP\\OneDrive\\Desktop\\backend-Ecommerce--main\\src\\model\\Product.js": {"path":"C:\\Users\\HP\\OneDrive\\Desktop\\backend-Ecommerce--main\\src\\model\\Product.js","statementMap":{"0":{"start":{"line":1,"column":17},"end":{"line":1,"column":36}},"1":{"start":{"line":3,"column":22},"end":{"line":33,"column":4}},"2":{"start":{"line":35,"column":0},"end":{"line":35,"column":58}}},"fnMap":{},"branchMap":{},"s":{"0":1,"1":1,"2":1},"f":{},"b":{},"_coverageSchema":"1a1c01bbd47fc00a2c39e90264f33305004495a9","hash":"91b178e239f11b1da837ef3d493057c2d1fa7b3b"}
,"C:\\Users\\HP\\OneDrive\\Desktop\\backend-Ecommerce--main\\src\\validators\\validator.js": {"path":"C:\\Users\\HP\\OneDrive\\Desktop\\backend-Ecommerce--main\\src\\validators\\validator.js","statementMap":{"0":{"start":{"line":1,"column":17},"end":{"line":1,"column":36}},"1":{"start":{"line":2,"column":17},"end":{"line":2,"column":47}},"2":{"start":{"line":6,"column":20},"end":{"line":8,"column":3}},"3":{"start":{"line":7,"column":4},"end":{"line":7,"column":48}},"4":{"start":{"line":9,"column":18},"end":{"line":15,"column":3}},"5":{"start":{"line":10,"column":4},"end":{"line":10,"column":77}},"6":{"start":{"line":10,"column":65},"end":{"line":10,"column":77}},"7":{"start":{"line":11,"column":4},"end":{"line":11,"column":75}},"8":{"start":{"line":11,"column":63},"end":{"line":11,"column":75}},"9":{"start":{"line":12,"column":4},"end":{"line":12,"column":81}},"10":{"start":{"line":12,"column":69},"end":{"line":12,"column":81}},"11":{"start":{"line":14,"column":4},"end":{"line":14,"column":17}},"12":{"start":{"line":18,"column":2},"end":{"line":18,"column":38}}},"fnMap":{"0":{"name":"(anonymous_0)","decl":{"start":{"line":6,"column":20},"end":{"line":6,"column":21}},"loc":{"start":{"line":6,"column":34},"end":{"line":8,"column":3}},"line":6},"1":{"name":"(anonymous_1)","decl":{"start":{"line":9,"column":18},"end":{"line":9,"column":19}},"loc":{"start":{"line":9,"column":29},"end":{"line":15,"column":3}},"line":9}},"branchMap":{"0":{"loc":{"start":{"line":10,"column":4},"end":{"line":10,"column":77}},"type":"if","locations":[{"start":{"line":10,"column":4},"end":{"line":10,"column":77}},{"start":{},"end":{}}],"line":10},"1":{"loc":{"start":{"line":10,"column":8},"end":{"line":10,"column":63}},"type":"binary-expr","locations":[{"start":{"line":10,"column":8},"end":{"line":10,"column":36}},{"start":{"line":10,"column":40},"end":{"line":10,"column":63}}],"line":10},"2":{"loc":{"start":{"line":11,"column":4},"end":{"line":11,"column":75}},"type":"if","locations":[{"start":{"line":11,"column":4},"end":{"line":11,"column":75}},{"start":{},"end":{}}],"line":11},"3":{"loc":{"start":{"line":11,"column":8},"end":{"line":11,"column":61}},"type":"binary-expr","locations":[{"start":{"line":11,"column":8},"end":{"line":11,"column":33}},{"start":{"line":11,"column":37},"end":{"line":11,"column":61}}],"line":11},"4":{"loc":{"start":{"line":12,"column":4},"end":{"line":12,"column":81}},"type":"if","locations":[{"start":{"line":12,"column":4},"end":{"line":12,"column":81}},{"start":{},"end":{}}],"line":12},"5":{"loc":{"start":{"line":12,"column":8},"end":{"line":12,"column":67}},"type":"binary-expr","locations":[{"start":{"line":12,"column":8},"end":{"line":12,"column":33}},{"start":{"line":12,"column":37},"end":{"line":12,"column":67}}],"line":12}},"s":{"0":1,"1":1,"2":1,"3":0,"4":1,"5":0,"6":0,"7":0,"8":0,"9":0,"10":0,"11":0,"12":1},"f":{"0":0,"1":0},"b":{"0":[0,0],"1":[0,0],"2":[0,0],"3":[0,0],"4":[0,0],"5":[0,0]},"_coverageSchema":"1a1c01bbd47fc00a2c39e90264f33305004495a9","hash":"34b44d62ecdc912890b6752d171a59ae8a72cbdd"}
}
