{"C:\\Users\\HP\\OneDrive\\Desktop\\backend-Ecommerce--main\\src\\controller\\wishlistController.js": {"path":"C:\\Users\\HP\\OneDrive\\Desktop\\backend-Ecommerce--main\\src\\controller\\wishlistController.js","statementMap":{"0":{"start":{"line":1,"column":13},"end":{"line":1,"column":37}},"1":{"start":{"line":2,"column":16},"end":{"line":2,"column":43}},"2":{"start":{"line":3,"column":17},"end":{"line":3,"column":45}},"3":{"start":{"line":4,"column":13},"end":{"line":4,"column":37}},"4":{"start":{"line":6,"column":22},"end":{"line":60,"column":1}},"5":{"start":{"line":7,"column":4},"end":{"line":58,"column":5}},"6":{"start":{"line":8,"column":21},"end":{"line":8,"column":36}},"7":{"start":{"line":9,"column":26},"end":{"line":9,"column":34}},"8":{"start":{"line":10,"column":22},"end":{"line":10,"column":55}},"9":{"start":{"line":11,"column":8},"end":{"line":16,"column":9}},"10":{"start":{"line":12,"column":12},"end":{"line":15,"column":15}},"11":{"start":{"line":17,"column":19},"end":{"line":17,"column":46}},"12":{"start":{"line":18,"column":8},"end":{"line":23,"column":9}},"13":{"start":{"line":19,"column":12},"end":{"line":22,"column":15}},"14":{"start":{"line":25,"column":27},"end":{"line":25,"column":61}},"15":{"start":{"line":26,"column":8},"end":{"line":52,"column":9}},"16":{"start":{"line":27,"column":27},"end":{"line":27,"column":83}},"17":{"start":{"line":28,"column":12},"end":{"line":32,"column":15}},"18":{"start":{"line":35,"column":27},"end":{"line":35,"column":48}},"19":{"start":{"line":37,"column":34},"end":{"line":37,"column":75}},"20":{"start":{"line":37,"column":60},"end":{"line":37,"column":74}},"21":{"start":{"line":38,"column":12},"end":{"line":43,"column":13}},"22":{"start":{"line":39,"column":16},"end":{"line":42,"column":19}},"23":{"start":{"line":44,"column":12},"end":{"line":44,"column":37}},"24":{"start":{"line":45,"column":27},"end":{"line":46,"column":51}},"25":{"start":{"line":47,"column":12},"end":{"line":51,"column":15}},"26":{"start":{"line":54,"column":8},"end":{"line":57,"column":10}},"27":{"start":{"line":63,"column":20},"end":{"line":84,"column":1}},"28":{"start":{"line":64,"column":2},"end":{"line":83,"column":3}},"29":{"start":{"line":65,"column":17},"end":{"line":65,"column":32}},"30":{"start":{"line":66,"column":23},"end":{"line":66,"column":78}},"31":{"start":{"line":67,"column":4},"end":{"line":72,"column":5}},"32":{"start":{"line":68,"column":6},"end":{"line":71,"column":8}},"33":{"start":{"line":73,"column":4},"end":{"line":77,"column":7}},"34":{"start":{"line":79,"column":4},"end":{"line":82,"column":7}},"35":{"start":{"line":91,"column":27},"end":{"line":115,"column":1}},"36":{"start":{"line":92,"column":2},"end":{"line":114,"column":3}},"37":{"start":{"line":93,"column":17},"end":{"line":93,"column":32}},"38":{"start":{"line":94,"column":22},"end":{"line":94,"column":30}},"39":{"start":{"line":95,"column":23},"end":{"line":95,"column":57}},"40":{"start":{"line":96,"column":23},"end":{"line":98,"column":5}},"41":{"start":{"line":97,"column":13},"end":{"line":97,"column":50}},"42":{"start":{"line":100,"column":19},"end":{"line":103,"column":28}},"43":{"start":{"line":104,"column":4},"end":{"line":107,"column":7}},"44":{"start":{"line":110,"column":4},"end":{"line":113,"column":7}},"45":{"start":{"line":118,"column":19},"end":{"line":171,"column":1}},"46":{"start":{"line":119,"column":2},"end":{"line":170,"column":3}},"47":{"start":{"line":120,"column":19},"end":{"line":120,"column":34}},"48":{"start":{"line":122,"column":26},"end":{"line":122,"column":34}},"49":{"start":{"line":125,"column":25},"end":{"line":125,"column":80}},"50":{"start":{"line":127,"column":4},"end":{"line":129,"column":5}},"51":{"start":{"line":128,"column":6},"end":{"line":128,"column":80}},"52":{"start":{"line":133,"column":21},"end":{"line":136,"column":5}},"53":{"start":{"line":137,"column":20},"end":{"line":137,"column":53}},"54":{"start":{"line":138,"column":4},"end":{"line":140,"column":5}},"55":{"start":{"line":139,"column":6},"end":{"line":139,"column":73}},"56":{"start":{"line":142,"column":19},"end":{"line":142,"column":49}},"57":{"start":{"line":144,"column":4},"end":{"line":158,"column":5}},"58":{"start":{"line":145,"column":6},"end":{"line":150,"column":9}},"59":{"start":{"line":153,"column":6},"end":{"line":153,"column":36}},"60":{"start":{"line":156,"column":6},"end":{"line":156,"column":63}},"61":{"start":{"line":157,"column":6},"end":{"line":157,"column":47}},"62":{"start":{"line":161,"column":4},"end":{"line":161,"column":26}},"63":{"start":{"line":164,"column":4},"end":{"line":164,"column":84}},"64":{"start":{"line":166,"column":4},"end":{"line":166,"column":73}},"65":{"start":{"line":168,"column":4},"end":{"line":168,"column":25}},"66":{"start":{"line":169,"column":4},"end":{"line":169,"column":63}},"67":{"start":{"line":173,"column":0},"end":{"line":173,"column":80}}},"fnMap":{"0":{"name":"(anonymous_0)","decl":{"start":{"line":6,"column":22},"end":{"line":6,"column":23}},"loc":{"start":{"line":6,"column":48},"end":{"line":60,"column":1}},"line":6},"1":{"name":"(anonymous_1)","decl":{"start":{"line":37,"column":53},"end":{"line":37,"column":54}},"loc":{"start":{"line":37,"column":60},"end":{"line":37,"column":74}},"line":37},"2":{"name":"(anonymous_2)","decl":{"start":{"line":63,"column":20},"end":{"line":63,"column":21}},"loc":{"start":{"line":63,"column":46},"end":{"line":84,"column":1}},"line":63},"3":{"name":"(anonymous_3)","decl":{"start":{"line":91,"column":27},"end":{"line":91,"column":28}},"loc":{"start":{"line":91,"column":47},"end":{"line":115,"column":1}},"line":91},"4":{"name":"(anonymous_4)","decl":{"start":{"line":97,"column":6},"end":{"line":97,"column":7}},"loc":{"start":{"line":97,"column":13},"end":{"line":97,"column":50}},"line":97},"5":{"name":"(anonymous_5)","decl":{"start":{"line":118,"column":19},"end":{"line":118,"column":20}},"loc":{"start":{"line":118,"column":39},"end":{"line":171,"column":1}},"line":118}},"branchMap":{"0":{"loc":{"start":{"line":11,"column":8},"end":{"line":16,"column":9}},"type":"if","locations":[{"start":{"line":11,"column":8},"end":{"line":16,"column":9}},{"start":{},"end":{}}],"line":11},"1":{"loc":{"start":{"line":18,"column":8},"end":{"line":23,"column":9}},"type":"if","locations":[{"start":{"line":18,"column":8},"end":{"line":23,"column":9}},{"start":{},"end":{}}],"line":18},"2":{"loc":{"start":{"line":26,"column":8},"end":{"line":52,"column":9}},"type":"if","locations":[{"start":{"line":26,"column":8},"end":{"line":52,"column":9}},{"start":{"line":34,"column":13},"end":{"line":52,"column":9}}],"line":26},"3":{"loc":{"start":{"line":38,"column":12},"end":{"line":43,"column":13}},"type":"if","locations":[{"start":{"line":38,"column":12},"end":{"line":43,"column":13}},{"start":{},"end":{}}],"line":38},"4":{"loc":{"start":{"line":67,"column":4},"end":{"line":72,"column":5}},"type":"if","locations":[{"start":{"line":67,"column":4},"end":{"line":72,"column":5}},{"start":{},"end":{}}],"line":67},"5":{"loc":{"start":{"line":127,"column":4},"end":{"line":129,"column":5}},"type":"if","locations":[{"start":{"line":127,"column":4},"end":{"line":129,"column":5}},{"start":{},"end":{}}],"line":127},"6":{"loc":{"start":{"line":138,"column":4},"end":{"line":140,"column":5}},"type":"if","locations":[{"start":{"line":138,"column":4},"end":{"line":140,"column":5}},{"start":{},"end":{}}],"line":138},"7":{"loc":{"start":{"line":144,"column":4},"end":{"line":158,"column":5}},"type":"if","locations":[{"start":{"line":144,"column":4},"end":{"line":158,"column":5}},{"start":{"line":151,"column":11},"end":{"line":158,"column":5}}],"line":144}},"s":{"0":1,"1":1,"2":1,"3":1,"4":1,"5":0,"6":0,"7":0,"8":0,"9":0,"10":0,"11":0,"12":0,"13":0,"14":0,"15":0,"16":0,"17":0,"18":0,"19":0,"20":0,"21":0,"22":0,"23":0,"24":0,"25":0,"26":0,"27":1,"28":2,"29":2,"30":2,"31":0,"32":0,"33":0,"34":2,"35":1,"36":0,"37":0,"38":0,"39":0,"40":0,"41":0,"42":0,"43":0,"44":0,"45":1,"46":0,"47":0,"48":0,"49":0,"50":0,"51":0,"52":0,"53":0,"54":0,"55":0,"56":0,"57":0,"58":0,"59":0,"60":0,"61":0,"62":0,"63":0,"64":0,"65":0,"66":0,"67":1},"f":{"0":0,"1":0,"2":2,"3":0,"4":0,"5":0},"b":{"0":[0,0],"1":[0,0],"2":[0,0],"3":[0,0],"4":[0,0],"5":[0,0],"6":[0,0],"7":[0,0]},"_coverageSchema":"1a1c01bbd47fc00a2c39e90264f33305004495a9","hash":"ef06c91c8a45f443ffe81d630026ae24de9d76ab"}
,"C:\\Users\\HP\\OneDrive\\Desktop\\backend-Ecommerce--main\\src\\model\\Cart.js": {"path":"C:\\Users\\HP\\OneDrive\\Desktop\\backend-Ecommerce--main\\src\\model\\Cart.js","statementMap":{"0":{"start":{"line":1,"column":17},"end":{"line":1,"column":36}},"1":{"start":{"line":2,"column":17},"end":{"line":2,"column":40}},"2":{"start":{"line":3,"column":19},"end":{"line":36,"column":1}},"3":{"start":{"line":38,"column":0},"end":{"line":38,"column":52}}},"fnMap":{},"branchMap":{},"s":{"0":1,"1":1,"2":1,"3":1},"f":{},"b":{},"_coverageSchema":"1a1c01bbd47fc00a2c39e90264f33305004495a9","hash":"c3f7a551a746b4759d465c25ee2e446840b2a12b"}
,"C:\\Users\\HP\\OneDrive\\Desktop\\backend-Ecommerce--main\\src\\model\\Product.js": {"path":"C:\\Users\\HP\\OneDrive\\Desktop\\backend-Ecommerce--main\\src\\model\\Product.js","statementMap":{"0":{"start":{"line":1,"column":17},"end":{"line":1,"column":36}},"1":{"start":{"line":3,"column":22},"end":{"line":33,"column":4}},"2":{"start":{"line":35,"column":0},"end":{"line":35,"column":58}}},"fnMap":{},"branchMap":{},"s":{"0":1,"1":1,"2":1},"f":{},"b":{},"_coverageSchema":"1a1c01bbd47fc00a2c39e90264f33305004495a9","hash":"91b178e239f11b1da837ef3d493057c2d1fa7b3b"}
,"C:\\Users\\HP\\OneDrive\\Desktop\\backend-Ecommerce--main\\src\\model\\User.js": {"path":"C:\\Users\\HP\\OneDrive\\Desktop\\backend-Ecommerce--main\\src\\model\\User.js","statementMap":{"0":{"start":{"line":1,"column":20},"end":{"line":1,"column":34}},"1":{"start":{"line":2,"column":17},"end":{"line":2,"column":36}},"2":{"start":{"line":4,"column":19},"end":{"line":40,"column":2}},"3":{"start":{"line":42,"column":0},"end":{"line":42,"column":52}}},"fnMap":{},"branchMap":{},"s":{"0":1,"1":1,"2":1,"3":1},"f":{},"b":{},"_coverageSchema":"1a1c01bbd47fc00a2c39e90264f33305004495a9","hash":"c262dc085bfba7e49141cec1a94a8576b7cf49c9"}
,"C:\\Users\\HP\\OneDrive\\Desktop\\backend-Ecommerce--main\\src\\model\\Wishlist.js": {"path":"C:\\Users\\HP\\OneDrive\\Desktop\\backend-Ecommerce--main\\src\\model\\Wishlist.js","statementMap":{"0":{"start":{"line":1,"column":17},"end":{"line":1,"column":36}},"1":{"start":{"line":2,"column":17},"end":{"line":2,"column":47}},"2":{"start":{"line":4,"column":23},"end":{"line":21,"column":1}},"3":{"start":{"line":23,"column":0},"end":{"line":23,"column":60}}},"fnMap":{},"branchMap":{},"s":{"0":1,"1":1,"2":1,"3":1},"f":{},"b":{},"_coverageSchema":"1a1c01bbd47fc00a2c39e90264f33305004495a9","hash":"7fab6a53354322ea887132dd9c1379340573993a"}
}
