TN:
SF:src\controller\cartController.js
FN:8,(anonymous_0)
FN:64,(anonymous_1)
FN:119,(anonymous_2)
FNF:3
FNH:2
FNDA:3,(anonymous_0)
FNDA:0,(anonymous_1)
FNDA:3,(anonymous_2)
DA:1,1
DA:2,1
DA:3,1
DA:8,1
DA:9,3
DA:10,3
DA:11,3
DA:14,3
DA:16,3
DA:17,4
DA:19,4
DA:20,1
DA:23,3
DA:24,1
DA:31,2
DA:39,1
DA:40,1
DA:42,1
DA:43,2
DA:44,2
DA:48,1
DA:55,1
DA:57,1
DA:59,2
DA:60,2
DA:64,1
DA:65,0
DA:66,0
DA:67,0
DA:70,0
DA:72,0
DA:73,0
DA:75,0
DA:76,0
DA:79,0
DA:80,0
DA:84,0
DA:92,0
DA:93,0
DA:95,0
DA:96,0
DA:97,0
DA:101,0
DA:107,0
DA:108,0
DA:111,0
DA:113,0
DA:114,0
DA:119,1
DA:120,3
DA:121,3
DA:123,3
DA:125,2
DA:126,1
DA:129,1
DA:131,1
DA:132,1
DA:136,1
LF:58
LH:36
BRDA:19,0,0,1
BRDA:19,0,1,3
BRDA:23,1,0,1
BRDA:23,1,1,2
BRDA:75,2,0,0
BRDA:75,2,1,0
BRDA:79,3,0,0
BRDA:79,3,1,0
BRDA:107,4,0,0
BRDA:107,4,1,0
BRDA:125,5,0,1
BRDA:125,5,1,1
BRF:12
BRH:6
end_of_record
TN:
SF:src\model\Cart.js
FNF:0
FNH:0
DA:1,1
DA:2,1
DA:3,1
DA:38,1
LF:4
LH:4
BRF:0
BRH:0
end_of_record
TN:
SF:src\model\Product.js
FNF:0
FNH:0
DA:1,1
DA:3,1
DA:35,1
LF:3
LH:3
BRF:0
BRH:0
end_of_record
TN:
SF:src\validators\validator.js
FN:6,(anonymous_0)
FN:9,(anonymous_1)
FNF:2
FNH:0
FNDA:0,(anonymous_0)
FNDA:0,(anonymous_1)
DA:1,1
DA:2,1
DA:6,1
DA:7,0
DA:9,1
DA:10,0
DA:11,0
DA:12,0
DA:14,0
DA:18,1
LF:10
LH:5
BRDA:10,0,0,0
BRDA:10,0,1,0
BRDA:10,1,0,0
BRDA:10,1,1,0
BRDA:11,2,0,0
BRDA:11,2,1,0
BRDA:11,3,0,0
BRDA:11,3,1,0
BRDA:12,4,0,0
BRDA:12,4,1,0
BRDA:12,5,0,0
BRDA:12,5,1,0
BRF:12
BRH:0
end_of_record
